c:\users\tristanlafontaine\documents\s2-projet-tank\s2-projet-tank-2\release\vc142.pdb
c:\users\tristanlafontaine\documents\s2-projet-tank\s2-projet-tank-2\release\tankennemie.obj
c:\users\tristanlafontaine\documents\s2-projet-tank\s2-projet-tank-2\release\tank.obj
c:\users\tristanlafontaine\documents\s2-projet-tank\s2-projet-tank-2\release\s2-projet-tank.obj
c:\users\tristanlafontaine\documents\s2-projet-tank\s2-projet-tank-2\release\mur.obj
c:\users\tristanlafontaine\documents\s2-projet-tank\s2-projet-tank-2\release\munition.obj
c:\users\tristanlafontaine\documents\s2-projet-tank\s2-projet-tank-2\release\missile.obj
c:\users\tristanlafontaine\documents\s2-projet-tank\s2-projet-tank-2\release\map.obj
c:\users\tristanlafontaine\documents\s2-projet-tank\s2-projet-tank-2\release\canon.obj
c:\users\tristanlafontaine\documents\s2-projet-tank\s2-projet-tank-2\release\bombe.obj
c:\users\tristanlafontaine\documents\s2-projet-tank\release\s2-projet-tank.exe
c:\users\tristanlafontaine\documents\s2-projet-tank\s2-projet-tank-2\release\s2-projet-tank.ipdb
c:\users\tristanlafontaine\documents\s2-projet-tank\s2-projet-tank-2\release\s2-projet-tank.iobj
c:\users\tristanlafontaine\documents\s2-projet-tank\release\s2-projet-tank.pdb
c:\users\tristanlafontaine\documents\s2-projet-tank\s2-projet-tank-2\release\s2-projet-tank.tlog\cl.command.1.tlog
c:\users\tristanlafontaine\documents\s2-projet-tank\s2-projet-tank-2\release\s2-projet-tank.tlog\cl.read.1.tlog
c:\users\tristanlafontaine\documents\s2-projet-tank\s2-projet-tank-2\release\s2-projet-tank.tlog\cl.write.1.tlog
c:\users\tristanlafontaine\documents\s2-projet-tank\s2-projet-tank-2\release\s2-projet-tank.tlog\link.command.1.tlog
c:\users\tristanlafontaine\documents\s2-projet-tank\s2-projet-tank-2\release\s2-projet-tank.tlog\link.read.1.tlog
c:\users\tristanlafontaine\documents\s2-projet-tank\s2-projet-tank-2\release\s2-projet-tank.tlog\link.write.1.tlog
