  bombe.cpp
  canon.cpp
  map.cpp
C:\Users\tristanlafontaine\Documents\S2-PROJET-TANK\S2-PROJET-TANK-2\tankEnnemie.h(4,10): warning C4067: jetons inattendus après la directive du préprocesseur - saut de ligne attendu
C:\Users\tristanlafontaine\Documents\S2-PROJET-TANK\S2-PROJET-TANK-2\map.cpp(50,14): warning C4930: 'std::thread deplacementMissileAffichage(void)' : fonction prototypée non appelée (était-ce la définition de variable souhaitée ?)
C:\Users\tristanlafontaine\Documents\S2-PROJET-TANK\S2-PROJET-TANK-2\map.cpp(123,20): warning C4018: '<' : incompatibilité signed/unsigned
C:\Users\tristanlafontaine\Documents\S2-PROJET-TANK\S2-PROJET-TANK-2\map.cpp(338,20): warning C4018: '<' : incompatibilité signed/unsigned
C:\Users\tristanlafontaine\Documents\S2-PROJET-TANK\S2-PROJET-TANK-2\map.cpp(354,21): warning C4018: '<' : incompatibilité signed/unsigned
  missile.cpp
  munition.cpp
  mur.cpp
  S2-PROJET-TANK.cpp
C:\Users\tristanlafontaine\Documents\S2-PROJET-TANK\S2-PROJET-TANK-2\tankEnnemie.h(4,10): warning C4067: jetons inattendus après la directive du préprocesseur - saut de ligne attendu
  tank.cpp
  tankEnnemie.cpp
C:\Users\tristanlafontaine\Documents\S2-PROJET-TANK\S2-PROJET-TANK-2\tankEnnemie.h(4,10): warning C4067: jetons inattendus après la directive du préprocesseur - saut de ligne attendu
  Génération de code en cours
  Previous IPDB not found, fall back to full compilation.
  All 362 functions were compiled because no usable IPDB/IOBJ from previous compilation was found.
  Fin de la génération du code
  S2-PROJET-TANK-2.vcxproj -> C:\Users\tristanlafontaine\Documents\S2-PROJET-TANK\Release\S2-PROJET-TANK.exe
